app/build/intermediates/manifest_merge_blame_file/debug/manifest-merger-blame-debug-report.txt
1<?xml version="1.0" encoding="utf-8"?>
2<manifest xmlns:android="http://schemas.android.com/apk/res/android"
3    package="com.alittriutari.phonecontact"
4    android:versionCode="1"
5    android:versionName="1.0" >
6
7    <uses-sdk
8        android:minSdkVersion="19"
8-->src\main\AndroidManifest.xml
9        android:targetSdkVersion="29" />
9-->src\main\AndroidManifest.xml
10
11    <uses-permission android:name="android.permission.INTERNET" />
11-->src\main\AndroidManifest.xml:6:5-67
11-->src\main\AndroidManifest.xml:6:22-64
12
13    <application
13-->src\main\AndroidManifest.xml:8:5-30:19
14        android:allowBackup="true"
14-->src\main\AndroidManifest.xml:9:9-35
15        android:appComponentFactory="androidx.core.app.CoreComponentFactory"
15-->[androidx.core:core:1.0.1] AndroidManifest.xml:22:18-86
16        android:debuggable="true"
17        android:icon="@mipmap/ic_launcher"
17-->src\main\AndroidManifest.xml:10:9-43
18        android:label="@string/app_name"
18-->src\main\AndroidManifest.xml:11:9-41
19        android:roundIcon="@mipmap/ic_launcher_round"
19-->src\main\AndroidManifest.xml:12:9-54
20        android:supportsRtl="true"
20-->src\main\AndroidManifest.xml:13:9-35
21        android:theme="@style/AppTheme" >
21-->src\main\AndroidManifest.xml:14:9-40
22        <activity android:name="com.alittriutari.phonecontact.DetailContactActivity" >
22-->src\main\AndroidManifest.xml:16:9-18:20
22-->src\main\AndroidManifest.xml:16:19-56
23        </activity>
24        <activity
24-->src\main\AndroidManifest.xml:19:9-29:20
25            android:name="com.alittriutari.phonecontact.MainActivity"
25-->src\main\AndroidManifest.xml:20:13-41
26            android:label="Contact"
26-->src\main\AndroidManifest.xml:21:13-36
27            android:theme="@style/LoginTheme" >
27-->src\main\AndroidManifest.xml:22:13-46
28            <intent-filter>
28-->src\main\AndroidManifest.xml:24:13-28:29
29                <action android:name="android.intent.action.MAIN" />
29-->src\main\AndroidManifest.xml:25:17-69
29-->src\main\AndroidManifest.xml:25:25-66
30
31                <category android:name="android.intent.category.LAUNCHER" />
31-->src\main\AndroidManifest.xml:27:17-77
31-->src\main\AndroidManifest.xml:27:27-74
32            </intent-filter>
33        </activity>
34    </application>
35
36</manifest>